生成启动时间为 2018/9/27 20:01:32。
     1>项目“E:\M_Server\Solution\QtGuiApplication1\QtGuiApplication1\QtGuiApplication1.vcxproj”在节点 2 上(Build 个目标)。
     1>QtFinalize:
         Moc'ing QtGuiApplication1.h...
         Rcc'ing QtGuiApplication1.qrc...
         Uic'ing QtGuiApplication1.ui...
         RCC: Warning: No resources in 'E:\M_Server\Solution\QtGuiApplication1\QtGuiApplication1\QtGuiApplication1.qrc'.
       ClCompile:
         E:\Program Files (x86)\Microsoft Visual Studio 12.0\VC\bin\x86_amd64\CL.exe /c /I.\GeneratedFiles /I. /IE:\Qt\Qt5.9.6\5.9.6\msvc2013_64\include /I.\GeneratedFiles\Debug /IE:\Qt\Qt5.9.6\5.9.6\msvc2013_64\include\QtCore /IE:\Qt\Qt5.9.6\5.9.6\msvc2013_64\include\QtGui /IE:\Qt\Qt5.9.6\5.9.6\msvc2013_64\include\QtANGLE /IE:\Qt\Qt5.9.6\5.9.6\msvc2013_64\include\QtWidgets /Zi /nologo /W1 /WX- /MP /Od /D UNICODE /D _UNICODE /D WIN32 /D WIN64 /D QT_DLL /D QT_CORE_LIB /D QT_GUI_LIB /D QT_WIDGETS_LIB /Gm- /EHsc /MDd /GS /fp:precise /Zc:wchar_t /Zc:forScope /Fo"x64\Debug\\" /Fd"x64\Debug\vc120.pdb" /Gd /TP /errorReport:prompt main.cpp QtGuiApplication1.cpp .\GeneratedFiles\Debug\moc_QtGuiApplication1.cpp .\GeneratedFiles\qrc_QtGuiApplication1.cpp
         main.cpp
         QtGuiApplication1.cpp
         moc_QtGuiApplication1.cpp
         qrc_QtGuiApplication1.cpp
       Link:
         E:\Program Files (x86)\Microsoft Visual Studio 12.0\VC\bin\x86_amd64\link.exe /ERRORREPORT:PROMPT /OUT:"E:\M_Server\Solution\QtGuiApplication1\x64\Debug\\QtGuiApplication1.exe" /NOLOGO /LIBPATH:E:\Qt\Qt5.9.6\5.9.6\msvc2013_64\lib qtmaind.lib Qt5Cored.lib Qt5Guid.lib Qt5Widgetsd.lib kernel32.lib user32.lib gdi32.lib winspool.lib comdlg32.lib advapi32.lib shell32.lib ole32.lib oleaut32.lib uuid.lib odbc32.lib odbccp32.lib /MANIFEST /MANIFESTUAC:"level='asInvoker' uiAccess='false'" /manifest:embed /DEBUG /PDB:"E:\M_Server\Solution\QtGuiApplication1\x64\Debug\QtGuiApplication1.pdb" /SUBSYSTEM:WINDOWS /TLBID:1 /DYNAMICBASE /NXCOMPAT /IMPLIB:"E:\M_Server\Solution\QtGuiApplication1\x64\Debug\QtGuiApplication1.lib" /MACHINE:X64 x64\Debug\main.obj
         x64\Debug\QtGuiApplication1.obj
         x64\Debug\moc_QtGuiApplication1.obj
         x64\Debug\qrc_QtGuiApplication1.obj
         QtGuiApplication1.vcxproj -> E:\M_Server\Solution\QtGuiApplication1\x64\Debug\QtGuiApplication1.exe
     1>已完成生成项目“E:\M_Server\Solution\QtGuiApplication1\QtGuiApplication1\QtGuiApplication1.vcxproj”(Build 个目标)的操作。

生成成功。

已用时间 00:00:02.75
