  stdafx.cpp
cl : 命令行 warning D9035: “Gm”选项已否决，并将在将来的版本中移除
  xzip.cpp
  xml_loader.cpp
cl : 命令行 warning D9035: “Gm”选项已否决，并将在将来的版本中移除
C:\CodeSoho\M_Server\ECore\vfs.h(499,51): warning C4312: “类型强制转换”: 从“DWORD”转换到更大的“HANDLE”
C:\CodeSoho\M_Server\ECore\vfs.h(526,51): warning C4312: “类型强制转换”: 从“DWORD”转换到更大的“HANDLE”
C:\CodeSoho\M_Server\ECore\vfs.h(560,51): warning C4312: “类型强制转换”: 从“DWORD”转换到更大的“HANDLE”
C:\CodeSoho\M_Server\ECore\vfs.h(633,51): warning C4312: “类型强制转换”: 从“DWORD”转换到更大的“HANDLE”
C:\CodeSoho\M_Server\ECore\vfs.h(660,51): warning C4312: “类型强制转换”: 从“DWORD”转换到更大的“HANDLE”
  word_filter.cpp
  wan_server.cpp
  wan_define.cpp
  wan_client.cpp
  tinyxml.cpp
C:\CodeSoho\M_Server\ECore\vfs.h(694,51): warning C4312: “类型强制转换”: 从“DWORD”转换到更大的“HANDLE”
C:\CodeSoho\M_Server\ECore\vfs.h(499,51): warning C4312: “类型强制转换”: 从“DWORD”转换到更大的“HANDLE”
C:\CodeSoho\M_Server\ECore\vfs.h(526,51): warning C4312: “类型强制转换”: 从“DWORD”转换到更大的“HANDLE”
C:\CodeSoho\M_Server\ECore\vfs.h(560,51): warning C4312: “类型强制转换”: 从“DWORD”转换到更大的“HANDLE”
C:\CodeSoho\M_Server\ECore\vfs.h(633,51): warning C4312: “类型强制转换”: 从“DWORD”转换到更大的“HANDLE”
C:\CodeSoho\M_Server\ECore\vfs.h(660,51): warning C4312: “类型强制转换”: 从“DWORD”转换到更大的“HANDLE”
  Timer.cpp
  thread_mgr.cpp
  thread.cpp
  task_scheduler.cpp
  task.cpp
  symbol.cpp
  string_util.cpp
  string_table.cpp
  ssv_loader.cpp
C:\CodeSoho\M_Server\ECore\vfs.h(694,51): warning C4312: “类型强制转换”: 从“DWORD”转换到更大的“HANDLE”
C:\CodeSoho\M_Server\ECore\vfs.h(499,51): warning C4312: “类型强制转换”: 从“DWORD”转换到更大的“HANDLE”
C:\CodeSoho\M_Server\ECore\vfs.h(526,51): warning C4312: “类型强制转换”: 从“DWORD”转换到更大的“HANDLE”
C:\CodeSoho\M_Server\ECore\vfs.h(560,51): warning C4312: “类型强制转换”: 从“DWORD”转换到更大的“HANDLE”
C:\CodeSoho\M_Server\ECore\vfs.h(633,51): warning C4312: “类型强制转换”: 从“DWORD”转换到更大的“HANDLE”
C:\CodeSoho\M_Server\ECore\vfs.h(660,51): warning C4312: “类型强制转换”: 从“DWORD”转换到更大的“HANDLE”
  speed_tester.cpp
  shared_memory.cpp
C:\CodeSoho\M_Server\ECore\vfs.h(694,51): warning C4312: “类型强制转换”: 从“DWORD”转换到更大的“HANDLE”
  rtti_obj.cpp
  rtti_info.cpp
  正在生成代码...
  正在编译...
  ref_obj.cpp
  rc4.cpp
C:\CodeSoho\M_Server\ECore\shared_memory.cpp(42,81): warning C4244: “参数”: 从“INT64”转换到“DWORD”，可能丢失数据
C:\CodeSoho\M_Server\ECore\rc4.cpp(50,11): warning C4018: “<”: 有符号/无符号不匹配
C:\CodeSoho\M_Server\ECore\rc4.cpp(65,25): warning C4267: “初始化”: 从“size_t”转换到“int”，可能丢失数据
C:\CodeSoho\M_Server\ECore\rc4.cpp(72,37): warning C4267: “参数”: 从“size_t”转换到“unsigned long”，可能丢失数据
C:\CodeSoho\M_Server\ECore\rc4.cpp(94,17): warning C4477: “sscanf”: 格式字符串“%02x”需要类型“unsigned int *”的参数，但可变参数 1 拥有了类型“char *”
C:\CodeSoho\M_Server\ECore\rc4.cpp(94,17): message : 请考虑在格式字符串中使用“%hhx”
C:\CodeSoho\M_Server\ECore\rc4.cpp(99,37): warning C4267: “参数”: 从“size_t”转换到“unsigned long”，可能丢失数据
  Ray.cpp
C:\CodeSoho\M_Server\ECore\rc4.cpp(100,38): warning C4267: “参数”: 从“size_t”转换到“unsigned long”，可能丢失数据
C:\Program Files (x86)\Microsoft Visual Studio\2019\Enterprise\VC\Tools\MSVC\14.23.28105\include\utility(127,1): warning C4244: “初始化”: 从“_Ty”转换到“_Ty2”，可能丢失数据
C:\Program Files (x86)\Microsoft Visual Studio\2019\Enterprise\VC\Tools\MSVC\14.23.28105\include\utility(127,1): warning C4244:         with
C:\Program Files (x86)\Microsoft Visual Studio\2019\Enterprise\VC\Tools\MSVC\14.23.28105\include\utility(127,1): warning C4244:         [
C:\Program Files (x86)\Microsoft Visual Studio\2019\Enterprise\VC\Tools\MSVC\14.23.28105\include\utility(127,1): warning C4244:             _Ty=int
C:\Program Files (x86)\Microsoft Visual Studio\2019\Enterprise\VC\Tools\MSVC\14.23.28105\include\utility(127,1): warning C4244:         ]
C:\Program Files (x86)\Microsoft Visual Studio\2019\Enterprise\VC\Tools\MSVC\14.23.28105\include\utility(127,1): warning C4244:         and
C:\Program Files (x86)\Microsoft Visual Studio\2019\Enterprise\VC\Tools\MSVC\14.23.28105\include\utility(127,1): warning C4244:         [
C:\Program Files (x86)\Microsoft Visual Studio\2019\Enterprise\VC\Tools\MSVC\14.23.28105\include\utility(127,1): warning C4244:             _Ty2=float
C:\Program Files (x86)\Microsoft Visual Studio\2019\Enterprise\VC\Tools\MSVC\14.23.28105\include\utility(127,1): warning C4244:         ]
C:\CodeSoho\M_Server\ECore\Ray.h(46): message : 查看对正在编译的函数 模板 实例化“std::pair<bool,float>::pair<bool,int,0>(_Other1 &&,_Other2 &&) noexcept”的引用
C:\CodeSoho\M_Server\ECore\Ray.h(46): message :         with
C:\CodeSoho\M_Server\ECore\Ray.h(46): message :         [
C:\CodeSoho\M_Server\ECore\Ray.h(46): message :             _Other1=bool,
C:\CodeSoho\M_Server\ECore\Ray.h(46): message :             _Other2=int
C:\CodeSoho\M_Server\ECore\Ray.h(46): message :         ]
  public_table.cpp
  public_function.cpp
C:\CodeSoho\M_Server\ECore\Ray.h(46): message : 查看对正在编译的函数 模板 实例化“std::pair<bool,float>::pair<bool,int,0>(_Other1 &&,_Other2 &&) noexcept”的引用
C:\CodeSoho\M_Server\ECore\Ray.h(46): message :         with
C:\CodeSoho\M_Server\ECore\Ray.h(46): message :         [
C:\CodeSoho\M_Server\ECore\Ray.h(46): message :             _Other1=bool,
C:\CodeSoho\M_Server\ECore\Ray.h(46): message :             _Other2=int
C:\CodeSoho\M_Server\ECore\Ray.h(46): message :         ]
C:\CodeSoho\M_Server\ECore\vfs.h(499,51): warning C4312: “类型强制转换”: 从“DWORD”转换到更大的“HANDLE”
C:\CodeSoho\M_Server\ECore\vfs.h(526,51): warning C4312: “类型强制转换”: 从“DWORD”转换到更大的“HANDLE”
C:\CodeSoho\M_Server\ECore\vfs.h(560,51): warning C4312: “类型强制转换”: 从“DWORD”转换到更大的“HANDLE”
C:\CodeSoho\M_Server\ECore\vfs.h(633,51): warning C4312: “类型强制转换”: 从“DWORD”转换到更大的“HANDLE”
C:\CodeSoho\M_Server\ECore\vfs.h(660,51): warning C4312: “类型强制转换”: 从“DWORD”转换到更大的“HANDLE”
  proc.cpp
  ping.cpp
C:\CodeSoho\M_Server\ECore\vfs.h(694,51): warning C4312: “类型强制转换”: 从“DWORD”转换到更大的“HANDLE”
  obj_mgr.cpp
  new_protect.cpp
  net_util.cpp
  msg_queue_ts.cpp
  msg_queue.cpp
  mem_trace.cpp
  md5.cpp
  math.cpp
  log.cpp
  lan_server.cpp
  lan_client.cpp
  kernel_mutex.cpp
  io_redir.cpp
  正在生成代码...
  正在编译...
  ini_loader.cpp
C:\CodeSoho\M_Server\ECore\ping.cpp(55,14): warning C4244: “初始化”: 从“unsigned __int64”转换到“INT”，可能丢失数据
C:\CodeSoho\M_Server\ECore\vfs.h(499,51): warning C4312: “类型强制转换”: 从“DWORD”转换到更大的“HANDLE”
C:\CodeSoho\M_Server\ECore\vfs.h(526,51): warning C4312: “类型强制转换”: 从“DWORD”转换到更大的“HANDLE”
C:\CodeSoho\M_Server\ECore\vfs.h(560,51): warning C4312: “类型强制转换”: 从“DWORD”转换到更大的“HANDLE”
C:\CodeSoho\M_Server\ECore\vfs.h(633,51): warning C4312: “类型强制转换”: 从“DWORD”转换到更大的“HANDLE”
C:\CodeSoho\M_Server\ECore\vfs.h(660,51): warning C4312: “类型强制转换”: 从“DWORD”转换到更大的“HANDLE”
  http_client.cpp
  height_map.cpp
C:\CodeSoho\M_Server\ECore\vfs.h(694,51): warning C4312: “类型强制转换”: 从“DWORD”转换到更大的“HANDLE”
C:\CodeSoho\M_Server\ECore\vfs.h(499,51): warning C4312: “类型强制转换”: 从“DWORD”转换到更大的“HANDLE”
C:\CodeSoho\M_Server\ECore\vfs.h(526,51): warning C4312: “类型强制转换”: 从“DWORD”转换到更大的“HANDLE”
C:\CodeSoho\M_Server\ECore\vfs.h(560,51): warning C4312: “类型强制转换”: 从“DWORD”转换到更大的“HANDLE”
C:\CodeSoho\M_Server\ECore\vfs.h(633,51): warning C4312: “类型强制转换”: 从“DWORD”转换到更大的“HANDLE”
C:\CodeSoho\M_Server\ECore\vfs.h(660,51): warning C4312: “类型强制转换”: 从“DWORD”转换到更大的“HANDLE”
C:\CodeSoho\M_Server\ECore\vfs.h(694,51): warning C4312: “类型强制转换”: 从“DWORD”转换到更大的“HANDLE”
C:\Program Files (x86)\Microsoft Visual Studio\2019\Enterprise\VC\Tools\MSVC\14.23.28105\include\utility(127,1): warning C4244: “初始化”: 从“_Ty”转换到“_Ty2”，可能丢失数据
C:\Program Files (x86)\Microsoft Visual Studio\2019\Enterprise\VC\Tools\MSVC\14.23.28105\include\utility(127,1): warning C4244:         with
C:\Program Files (x86)\Microsoft Visual Studio\2019\Enterprise\VC\Tools\MSVC\14.23.28105\include\utility(127,1): warning C4244:         [
C:\Program Files (x86)\Microsoft Visual Studio\2019\Enterprise\VC\Tools\MSVC\14.23.28105\include\utility(127,1): warning C4244:             _Ty=int
C:\Program Files (x86)\Microsoft Visual Studio\2019\Enterprise\VC\Tools\MSVC\14.23.28105\include\utility(127,1): warning C4244:         ]
C:\Program Files (x86)\Microsoft Visual Studio\2019\Enterprise\VC\Tools\MSVC\14.23.28105\include\utility(127,1): warning C4244:         and
C:\Program Files (x86)\Microsoft Visual Studio\2019\Enterprise\VC\Tools\MSVC\14.23.28105\include\utility(127,1): warning C4244:         [
C:\Program Files (x86)\Microsoft Visual Studio\2019\Enterprise\VC\Tools\MSVC\14.23.28105\include\utility(127,1): warning C4244:             _Ty2=float
C:\Program Files (x86)\Microsoft Visual Studio\2019\Enterprise\VC\Tools\MSVC\14.23.28105\include\utility(127,1): warning C4244:         ]
C:\CodeSoho\M_Server\ECore\Ray.h(46): message : 查看对正在编译的函数 模板 实例化“std::pair<bool,float>::pair<bool,int,0>(_Other1 &&,_Other2 &&) noexcept”的引用
C:\CodeSoho\M_Server\ECore\Ray.h(46): message :         with
C:\CodeSoho\M_Server\ECore\Ray.h(46): message :         [
C:\CodeSoho\M_Server\ECore\Ray.h(46): message :             _Other1=bool,
C:\CodeSoho\M_Server\ECore\Ray.h(46): message :             _Other2=int
C:\CodeSoho\M_Server\ECore\Ray.h(46): message :         ]
  height_field_data.cpp
C:\CodeSoho\M_Server\ECore\Ray.h(46): message : 查看对正在编译的函数 模板 实例化“std::pair<bool,float>::pair<bool,int,0>(_Other1 &&,_Other2 &&) noexcept”的引用
C:\CodeSoho\M_Server\ECore\Ray.h(46): message :         with
C:\CodeSoho\M_Server\ECore\Ray.h(46): message :         [
C:\CodeSoho\M_Server\ECore\Ray.h(46): message :             _Other1=bool,
C:\CodeSoho\M_Server\ECore\Ray.h(46): message :             _Other2=int
C:\CodeSoho\M_Server\ECore\Ray.h(46): message :         ]
C:\CodeSoho\M_Server\ECore\vfs.h(499,51): warning C4312: “类型强制转换”: 从“DWORD”转换到更大的“HANDLE”
C:\CodeSoho\M_Server\ECore\vfs.h(526,51): warning C4312: “类型强制转换”: 从“DWORD”转换到更大的“HANDLE”
C:\CodeSoho\M_Server\ECore\vfs.h(560,51): warning C4312: “类型强制转换”: 从“DWORD”转换到更大的“HANDLE”
C:\CodeSoho\M_Server\ECore\vfs.h(633,51): warning C4312: “类型强制转换”: 从“DWORD”转换到更大的“HANDLE”
C:\CodeSoho\M_Server\ECore\vfs.h(660,51): warning C4312: “类型强制转换”: 从“DWORD”转换到更大的“HANDLE”
C:\CodeSoho\M_Server\ECore\vfs.h(694,51): warning C4312: “类型强制转换”: 从“DWORD”转换到更大的“HANDLE”
C:\Program Files (x86)\Microsoft Visual Studio\2019\Enterprise\VC\Tools\MSVC\14.23.28105\include\utility(127,1): warning C4244: “初始化”: 从“_Ty”转换到“_Ty2”，可能丢失数据
C:\Program Files (x86)\Microsoft Visual Studio\2019\Enterprise\VC\Tools\MSVC\14.23.28105\include\utility(127,1): warning C4244:         with
C:\Program Files (x86)\Microsoft Visual Studio\2019\Enterprise\VC\Tools\MSVC\14.23.28105\include\utility(127,1): warning C4244:         [
C:\Program Files (x86)\Microsoft Visual Studio\2019\Enterprise\VC\Tools\MSVC\14.23.28105\include\utility(127,1): warning C4244:             _Ty=int
C:\Program Files (x86)\Microsoft Visual Studio\2019\Enterprise\VC\Tools\MSVC\14.23.28105\include\utility(127,1): warning C4244:         ]
C:\Program Files (x86)\Microsoft Visual Studio\2019\Enterprise\VC\Tools\MSVC\14.23.28105\include\utility(127,1): warning C4244:         and
C:\Program Files (x86)\Microsoft Visual Studio\2019\Enterprise\VC\Tools\MSVC\14.23.28105\include\utility(127,1): warning C4244:         [
C:\Program Files (x86)\Microsoft Visual Studio\2019\Enterprise\VC\Tools\MSVC\14.23.28105\include\utility(127,1): warning C4244:             _Ty2=float
C:\Program Files (x86)\Microsoft Visual Studio\2019\Enterprise\VC\Tools\MSVC\14.23.28105\include\utility(127,1): warning C4244:         ]
C:\CodeSoho\M_Server\ECore\Ray.h(46): message : 查看对正在编译的函数 模板 实例化“std::pair<bool,float>::pair<bool,int,0>(_Other1 &&,_Other2 &&) noexcept”的引用
C:\CodeSoho\M_Server\ECore\Ray.h(46): message :         with
C:\CodeSoho\M_Server\ECore\Ray.h(46): message :         [
C:\CodeSoho\M_Server\ECore\Ray.h(46): message :             _Other1=bool,
C:\CodeSoho\M_Server\ECore\Ray.h(46): message :             _Other2=int
C:\CodeSoho\M_Server\ECore\Ray.h(46): message :         ]
  height_field.cpp
  half_byte_map.cpp
C:\CodeSoho\M_Server\ECore\Ray.h(46): message : 查看对正在编译的函数 模板 实例化“std::pair<bool,float>::pair<bool,int,0>(_Other1 &&,_Other2 &&) noexcept”的引用
C:\CodeSoho\M_Server\ECore\Ray.h(46): message :         with
C:\CodeSoho\M_Server\ECore\Ray.h(46): message :         [
C:\CodeSoho\M_Server\ECore\Ray.h(46): message :             _Other1=bool,
C:\CodeSoho\M_Server\ECore\Ray.h(46): message :             _Other2=int
C:\CodeSoho\M_Server\ECore\Ray.h(46): message :         ]
C:\CodeSoho\M_Server\ECore\vfs.h(499,51): warning C4312: “类型强制转换”: 从“DWORD”转换到更大的“HANDLE”
C:\CodeSoho\M_Server\ECore\vfs.h(526,51): warning C4312: “类型强制转换”: 从“DWORD”转换到更大的“HANDLE”
C:\CodeSoho\M_Server\ECore\vfs.h(560,51): warning C4312: “类型强制转换”: 从“DWORD”转换到更大的“HANDLE”
C:\CodeSoho\M_Server\ECore\vfs.h(633,51): warning C4312: “类型强制转换”: 从“DWORD”转换到更大的“HANDLE”
C:\CodeSoho\M_Server\ECore\vfs.h(660,51): warning C4312: “类型强制转换”: 从“DWORD”转换到更大的“HANDLE”
  GeomDefine.cpp
C:\CodeSoho\M_Server\ECore\vfs.h(694,51): warning C4312: “类型强制转换”: 从“DWORD”转换到更大的“HANDLE”
  FTPListParse.cpp
  FTPFileState.cpp
  FTPDataTypes.cpp
  FTPClient.cpp
  filter.cpp
C:\CodeSoho\M_Server\ECore\GeomDefine.cpp(4,10): fatal error C1083: 无法打开包括文件: “E:/M_Server/D3d/Include/d3dx9mesh.h”: No such file or directory
  fast_code.cpp
  FArchive.cpp
C:\CodeSoho\M_Server\ECore\filter.cpp(19,83): warning C4267: “参数”: 从“size_t”转换到“DWORD”，可能丢失数据
C:\CodeSoho\M_Server\ECore\vfs.h(499,51): warning C4312: “类型强制转换”: 从“DWORD”转换到更大的“HANDLE”
C:\CodeSoho\M_Server\ECore\vfs.h(526,51): warning C4312: “类型强制转换”: 从“DWORD”转换到更大的“HANDLE”
C:\CodeSoho\M_Server\ECore\vfs.h(560,51): warning C4312: “类型强制转换”: 从“DWORD”转换到更大的“HANDLE”
C:\CodeSoho\M_Server\ECore\vfs.h(633,51): warning C4312: “类型强制转换”: 从“DWORD”转换到更大的“HANDLE”
C:\CodeSoho\M_Server\ECore\vfs.h(660,51): warning C4312: “类型强制转换”: 从“DWORD”转换到更大的“HANDLE”
  executor_task.cpp
  executor_obj.cpp
  executor_fun.cpp
  event.cpp
  error.cpp
  epk_reader.cpp
  正在生成代码...
  正在编译...
  ECore.cpp
  dump.cpp
  disk_io.cpp
  date_time.cpp
  csv_file.cpp
C:\CodeSoho\M_Server\ECore\vfs.h(694,51): warning C4312: “类型强制转换”: 从“DWORD”转换到更大的“HANDLE”
C:\CodeSoho\M_Server\ECore\vfs.h(499,51): warning C4312: “类型强制转换”: 从“DWORD”转换到更大的“HANDLE”
C:\CodeSoho\M_Server\ECore\vfs.h(526,51): warning C4312: “类型强制转换”: 从“DWORD”转换到更大的“HANDLE”
C:\CodeSoho\M_Server\ECore\vfs.h(560,51): warning C4312: “类型强制转换”: 从“DWORD”转换到更大的“HANDLE”
C:\CodeSoho\M_Server\ECore\vfs.h(633,51): warning C4312: “类型强制转换”: 从“DWORD”转换到更大的“HANDLE”
C:\CodeSoho\M_Server\ECore\vfs.h(660,51): warning C4312: “类型强制转换”: 从“DWORD”转换到更大的“HANDLE”
  crash_log.cpp
  cpu.cpp
  callback.cpp
  broadcast.cpp
  BlockingSocket.cpp
  bit_map.cpp
C:\CodeSoho\M_Server\ECore\vfs.h(694,51): warning C4312: “类型强制转换”: 从“DWORD”转换到更大的“HANDLE”
C:\CodeSoho\M_Server\ECore\vfs.h(499,51): warning C4312: “类型强制转换”: 从“DWORD”转换到更大的“HANDLE”
C:\CodeSoho\M_Server\ECore\vfs.h(526,51): warning C4312: “类型强制转换”: 从“DWORD”转换到更大的“HANDLE”
C:\CodeSoho\M_Server\ECore\vfs.h(560,51): warning C4312: “类型强制转换”: 从“DWORD”转换到更大的“HANDLE”
C:\CodeSoho\M_Server\ECore\vfs.h(633,51): warning C4312: “类型强制转换”: 从“DWORD”转换到更大的“HANDLE”
C:\CodeSoho\M_Server\ECore\vfs.h(660,51): warning C4312: “类型强制转换”: 从“DWORD”转换到更大的“HANDLE”
  base64.cpp
  正在生成代码...
C:\CodeSoho\M_Server\ECore\vfs.h(694,51): warning C4312: “类型强制转换”: 从“DWORD”转换到更大的“HANDLE”
