e:\m_server\vsout\ecore\debug_x64\ecore.pch
e:\m_server\vsout\ecore\debug_x64\vc120.pdb
e:\m_server\vsout\ecore\debug_x64\vc120.idb
e:\m_server\vsout\ecore\debug_x64\stdafx.obj
e:\m_server\vsout\ecore\debug_x64\rtti_info.obj
e:\m_server\vsout\ecore\debug_x64\rtti_obj.obj
e:\m_server\vsout\ecore\debug_x64\shared_memory.obj
e:\m_server\vsout\ecore\debug_x64\speed_tester.obj
e:\m_server\vsout\ecore\debug_x64\ssv_loader.obj
e:\m_server\vsout\ecore\debug_x64\string_table.obj
e:\m_server\vsout\ecore\debug_x64\string_util.obj
e:\m_server\vsout\ecore\debug_x64\symbol.obj
e:\m_server\vsout\ecore\debug_x64\task.obj
e:\m_server\vsout\ecore\debug_x64\task_scheduler.obj
e:\m_server\vsout\ecore\debug_x64\thread.obj
e:\m_server\vsout\ecore\debug_x64\thread_mgr.obj
e:\m_server\vsout\ecore\debug_x64\timer.obj
e:\m_server\vsout\ecore\debug_x64\tinyxml.obj
e:\m_server\vsout\ecore\debug_x64\wan_client.obj
e:\m_server\vsout\ecore\debug_x64\wan_define.obj
e:\m_server\vsout\ecore\debug_x64\wan_server.obj
e:\m_server\vsout\ecore\debug_x64\word_filter.obj
e:\m_server\vsout\ecore\debug_x64\xml_loader.obj
e:\m_server\vsout\ecore\debug_x64\xzip.obj
e:\m_server\vsout\ecore\debug_x64\io_redir.obj
e:\m_server\vsout\ecore\debug_x64\kernel_mutex.obj
e:\m_server\vsout\ecore\debug_x64\lan_client.obj
e:\m_server\vsout\ecore\debug_x64\lan_server.obj
e:\m_server\vsout\ecore\debug_x64\log.obj
e:\m_server\vsout\ecore\debug_x64\math.obj
e:\m_server\vsout\ecore\debug_x64\md5.obj
e:\m_server\vsout\ecore\debug_x64\mem_trace.obj
e:\m_server\vsout\ecore\debug_x64\msg_queue.obj
e:\m_server\vsout\ecore\debug_x64\msg_queue_ts.obj
e:\m_server\vsout\ecore\debug_x64\net_util.obj
e:\m_server\vsout\ecore\debug_x64\new_protect.obj
e:\m_server\vsout\ecore\debug_x64\obj_mgr.obj
e:\m_server\vsout\ecore\debug_x64\ping.obj
e:\m_server\vsout\ecore\debug_x64\proc.obj
e:\m_server\vsout\ecore\debug_x64\public_function.obj
e:\m_server\vsout\ecore\debug_x64\public_table.obj
e:\m_server\vsout\ecore\debug_x64\ray.obj
e:\m_server\vsout\ecore\debug_x64\rc4.obj
e:\m_server\vsout\ecore\debug_x64\ref_obj.obj
e:\m_server\vsout\ecore\debug_x64\epk_reader.obj
e:\m_server\vsout\ecore\debug_x64\error.obj
e:\m_server\vsout\ecore\debug_x64\event.obj
e:\m_server\vsout\ecore\debug_x64\executor_fun.obj
e:\m_server\vsout\ecore\debug_x64\executor_obj.obj
e:\m_server\vsout\ecore\debug_x64\executor_task.obj
e:\m_server\vsout\ecore\debug_x64\farchive.obj
e:\m_server\vsout\ecore\debug_x64\fast_code.obj
e:\m_server\vsout\ecore\debug_x64\filter.obj
e:\m_server\vsout\ecore\debug_x64\ftpclient.obj
e:\m_server\vsout\ecore\debug_x64\ftpdatatypes.obj
e:\m_server\vsout\ecore\debug_x64\ftpfilestate.obj
e:\m_server\vsout\ecore\debug_x64\ftplistparse.obj
e:\m_server\vsout\ecore\debug_x64\geomdefine.obj
e:\m_server\vsout\ecore\debug_x64\half_byte_map.obj
e:\m_server\vsout\ecore\debug_x64\height_field.obj
e:\m_server\vsout\ecore\debug_x64\height_field_data.obj
e:\m_server\vsout\ecore\debug_x64\height_map.obj
e:\m_server\vsout\ecore\debug_x64\http_client.obj
e:\m_server\vsout\ecore\debug_x64\ini_loader.obj
e:\m_server\vsout\ecore\debug_x64\base64.obj
e:\m_server\vsout\ecore\debug_x64\bit_map.obj
e:\m_server\vsout\ecore\debug_x64\blockingsocket.obj
e:\m_server\vsout\ecore\debug_x64\broadcast.obj
e:\m_server\vsout\ecore\debug_x64\callback.obj
e:\m_server\vsout\ecore\debug_x64\cpu.obj
e:\m_server\vsout\ecore\debug_x64\crash_log.obj
e:\m_server\vsout\ecore\debug_x64\csv_file.obj
e:\m_server\vsout\ecore\debug_x64\date_time.obj
e:\m_server\vsout\ecore\debug_x64\disk_io.obj
e:\m_server\vsout\ecore\debug_x64\dump.obj
e:\m_server\vsout\ecore\debug_x64\ecore.obj
e:\m_server\vsout\ecore\debug_x64\lzfind.obj
e:\m_server\vsout\ecore\debug_x64\lzfindmt.obj
e:\m_server\vsout\ecore\debug_x64\lzmadec.obj
e:\m_server\vsout\ecore\debug_x64\lzmaenc.obj
e:\m_server\vsout\ecore\debug_x64\threads.obj
e:\m_server\vsout\ecore\debug_x64\lzo1.obj
e:\m_server\vsout\ecore\debug_x64\lzo1x_1.obj
e:\m_server\vsout\ecore\debug_x64\lzo1x_9x.obj
e:\m_server\vsout\ecore\debug_x64\lzo1x_d1.obj
e:\m_server\vsout\ecore\debug_x64\lzo1x_d2.obj
e:\m_server\vsout\ecore\debug_x64\lzo1x_d3.obj
e:\m_server\vsout\ecore\debug_x64\lzo1x_o.obj
e:\m_server\vsout\ecore\debug_x64\lzo_crc.obj
e:\m_server\vsout\ecore\debug_x64\lzo_init.obj
e:\m_server\vsout\ecore\debug_x64\lzo_ptr.obj
e:\m_server\vsout\ecore\debug_x64\lzo_str.obj
e:\m_server\vsout\ecore\debug_x64\lzo_util.obj
e:\m_server\vsout\ecore\debug_x64\ecore.lib
e:\m_server\vsout\ecore\debug_x64\ecore.exp
e:\m_server\ecore\debug\ecore.dll
e:\m_server\ecore\debug\symbol\ecore.pdb
e:\m_server\vsout\ecore\debug_x64\script1.res
e:\m_server\vsout\ecore\debug_x64\ecore.tlog\cl.command.1.tlog
e:\m_server\vsout\ecore\debug_x64\ecore.tlog\cl.read.1.tlog
e:\m_server\vsout\ecore\debug_x64\ecore.tlog\cl.write.1.tlog
e:\m_server\vsout\ecore\debug_x64\ecore.tlog\ecore.write.1u.tlog
e:\m_server\vsout\ecore\debug_x64\ecore.tlog\link.command.1.tlog
e:\m_server\vsout\ecore\debug_x64\ecore.tlog\link.read.1.tlog
e:\m_server\vsout\ecore\debug_x64\ecore.tlog\link.write.1.tlog
e:\m_server\vsout\ecore\debug_x64\ecore.tlog\rc.command.1.tlog
e:\m_server\vsout\ecore\debug_x64\ecore.tlog\rc.read.1.tlog
e:\m_server\vsout\ecore\debug_x64\ecore.tlog\rc.write.1.tlog
