.\Debug\MoniClient.bsc
.\Debug\MoniClient.ilk
.\Debug\MoniClient.pdb
D:\ZHXX2018\ZHXX_MONITOR\MoniClient\.\Debug\MoniClient.exe
D:\ZHXX2018\ZHXX_MONITOR\MoniClient\.\Debug\MoniClient.exe.intermediate.manifest
D:\ZHXX2018\ZHXX_MONITOR\MoniClient\Debug\BscMake.command.1.tlog
D:\ZHXX2018\ZHXX_MONITOR\MoniClient\Debug\bscmake.read.1.tlog
D:\ZHXX2018\ZHXX_MONITOR\MoniClient\Debug\bscmake.write.1.tlog
D:\ZHXX2018\ZHXX_MONITOR\MoniClient\Debug\cl.command.1.tlog
D:\ZHXX2018\ZHXX_MONITOR\MoniClient\Debug\CL.read.1.tlog
D:\ZHXX2018\ZHXX_MONITOR\MoniClient\Debug\CL.write.1.tlog
D:\ZHXX2018\ZHXX_MONITOR\MONICLIENT\DEBUG\FTPCLASS.OBJ
D:\ZHXX2018\ZHXX_MONITOR\MONICLIENT\DEBUG\FTPCLASS.SBR
D:\ZHXX2018\ZHXX_MONITOR\MONICLIENT\DEBUG\INITFILE.OBJ
D:\ZHXX2018\ZHXX_MONITOR\MONICLIENT\DEBUG\INITFILE.SBR
D:\ZHXX2018\ZHXX_MONITOR\MoniClient\Debug\link.command.1.tlog
D:\ZHXX2018\ZHXX_MONITOR\MoniClient\Debug\link.read.1.tlog
D:\ZHXX2018\ZHXX_MONITOR\MoniClient\Debug\link.write.1.tlog
D:\ZHXX2018\ZHXX_MONITOR\MoniClient\Debug\link-cvtres.read.1.tlog
D:\ZHXX2018\ZHXX_MONITOR\MoniClient\Debug\link-cvtres.write.1.tlog
D:\ZHXX2018\ZHXX_MONITOR\MONICLIENT\DEBUG\LOCALINFO.OBJ
D:\ZHXX2018\ZHXX_MONITOR\MONICLIENT\DEBUG\LOCALINFO.SBR
D:\ZHXX2018\ZHXX_MONITOR\MONICLIENT\DEBUG\MFNETTRAFFIC.OBJ
D:\ZHXX2018\ZHXX_MONITOR\MONICLIENT\DEBUG\MFNETTRAFFIC.SBR
D:\ZHXX2018\ZHXX_MONITOR\MONICLIENT\DEBUG\MONICLIENT.BSC
D:\ZHXX2018\ZHXX_MONITOR\MONICLIENT\DEBUG\MONICLIENT.EXE
D:\ZHXX2018\ZHXX_MONITOR\MONICLIENT\DEBUG\MONICLIENT.EXE.EMBED.MANIFEST
D:\ZHXX2018\ZHXX_MONITOR\MONICLIENT\DEBUG\MONICLIENT.EXE.EMBED.MANIFEST.RES
D:\ZHXX2018\ZHXX_MONITOR\MONICLIENT\DEBUG\MONICLIENT.EXE.INTERMEDIATE.MANIFEST
D:\ZHXX2018\ZHXX_MONITOR\MONICLIENT\DEBUG\MONICLIENT.ILK
D:\ZHXX2018\ZHXX_MONITOR\MONICLIENT\DEBUG\MONICLIENT.OBJ
D:\ZHXX2018\ZHXX_MONITOR\MONICLIENT\DEBUG\MONICLIENT.PCH
D:\ZHXX2018\ZHXX_MONITOR\MONICLIENT\DEBUG\MONICLIENT.PDB
D:\ZHXX2018\ZHXX_MONITOR\MONICLIENT\DEBUG\MONICLIENT.RES
D:\ZHXX2018\ZHXX_MONITOR\MONICLIENT\DEBUG\MONICLIENT.SBR
D:\ZHXX2018\ZHXX_MONITOR\MoniClient\Debug\MoniClient_manifest.rc
D:\ZHXX2018\ZHXX_MONITOR\MONICLIENT\DEBUG\MONICLIENTDLG.OBJ
D:\ZHXX2018\ZHXX_MONITOR\MONICLIENT\DEBUG\MONICLIENTDLG.SBR
D:\ZHXX2018\ZHXX_MONITOR\MONICLIENT\DEBUG\MONIINFODLG.OBJ
D:\ZHXX2018\ZHXX_MONITOR\MONICLIENT\DEBUG\MONIINFODLG.SBR
D:\ZHXX2018\ZHXX_MONITOR\MoniClient\Debug\mt.command.1.tlog
D:\ZHXX2018\ZHXX_MONITOR\MoniClient\Debug\mt.read.1.tlog
D:\ZHXX2018\ZHXX_MONITOR\MoniClient\Debug\mt.write.1.tlog
D:\ZHXX2018\ZHXX_MONITOR\MoniClient\Debug\rc.command.1.tlog
D:\ZHXX2018\ZHXX_MONITOR\MoniClient\Debug\rc.read.1.tlog
D:\ZHXX2018\ZHXX_MONITOR\MoniClient\Debug\rc.write.1.tlog
D:\ZHXX2018\ZHXX_MONITOR\MONICLIENT\DEBUG\STDAFX.OBJ
D:\ZHXX2018\ZHXX_MONITOR\MONICLIENT\DEBUG\STDAFX.SBR
D:\ZHXX2018\ZHXX_MONITOR\MONICLIENT\DEBUG\THREADRECVBROADCASTDATA.OBJ
D:\ZHXX2018\ZHXX_MONITOR\MONICLIENT\DEBUG\THREADRECVBROADCASTDATA.SBR
D:\ZHXX2018\ZHXX_MONITOR\MONICLIENT\DEBUG\UDPRECEIVER.OBJ
D:\ZHXX2018\ZHXX_MONITOR\MONICLIENT\DEBUG\UDPRECEIVER.SBR
D:\ZHXX2018\ZHXX_MONITOR\MONICLIENT\DEBUG\UDPSENDER.OBJ
D:\ZHXX2018\ZHXX_MONITOR\MONICLIENT\DEBUG\UDPSENDER.SBR
D:\ZHXX2018\ZHXX_MONITOR\MoniClient\Debug\vc100.idb
D:\ZHXX2018\ZHXX_MONITOR\MONICLIENT\DEBUG\VC100.PDB
