e:\m_server\qtproject\mconsole\debug\vc120.pdb
e:\m_server\qtproject\mconsole\debug\moc_mframe.obj
e:\m_server\qtproject\mconsole\debug\mframe.obj
e:\m_server\qtproject\mconsole\debug\mconsole.obj
e:\m_server\mconsole\debug\vc120.pdb
e:\m_server\mconsole\debug\moc_mframe.obj
e:\m_server\mconsole\debug\mframe.obj
e:\m_server\mconsole\debug\mconsole.obj
e:\m_server\qtproject\mconsole\debug\moc_predefs.h
e:\m_server\qtproject\mconsole\debug\moc_mframe.cpp
e:\m_server\mconsole\debug\moc_predefs.h
e:\m_server\mconsole\debug\moc_mframe.cpp
e:\m_server\qtproject\mconsole\debug\mconsole.ilk
e:\m_server\qtproject\mconsole\debug\mconsole.dll
e:\m_server\qtproject\mconsole\debug\mconsole.pdb
e:\m_server\mconsole\debug\mconsole.ilk
e:\m_server\mconsole\debug\mconsole.dll
e:\m_server\mconsole\debug\mconsole.pdb
e:\m_server\qtproject\mconsole\debug\mconsole.lib
e:\m_server\qtproject\mconsole\debug\mconsole.exp
e:\m_server\mconsole\debug\mconsole.lib
e:\m_server\mconsole\debug\mconsole.exp
e:\m_server\mconsole\debug\mconsole.tlog\cl.command.1.tlog
e:\m_server\mconsole\debug\mconsole.tlog\cl.read.1.tlog
e:\m_server\mconsole\debug\mconsole.tlog\cl.write.1.tlog
e:\m_server\mconsole\debug\mconsole.tlog\custombuild.command.1.tlog
e:\m_server\mconsole\debug\mconsole.tlog\custombuild.read.1.tlog
e:\m_server\mconsole\debug\mconsole.tlog\custombuild.write.1.tlog
e:\m_server\mconsole\debug\mconsole.tlog\link.command.1.tlog
e:\m_server\mconsole\debug\mconsole.tlog\link.read.1.tlog
e:\m_server\mconsole\debug\mconsole.tlog\link.write.1.tlog
e:\m_server\mconsole\debug\mconsole.tlog\mconsole.write.1u.tlog
