生成启动时间为 2017/5/17 10:38:39。
     1>项目“E:\M_Server\MConsole\MConsole.vcxproj”在节点 2 上(Build 个目标)。
     1>ClCompile:
         E:\Program Files (x86)\Microsoft Visual Studio 12.0\VC\bin\x86_amd64\CL.exe /c /I. /I..\..\..\Qt\Qt5.8.0\5.8\msvc2013_64\include /I..\..\..\Qt\Qt5.8.0\5.8\msvc2013_64\include\QtWidgets /I..\..\..\Qt\Qt5.8.0\5.8\msvc2013_64\include\QtGui /I..\..\..\Qt\Qt5.8.0\5.8\msvc2013_64\include\QtANGLE /I..\..\..\Qt\Qt5.8.0\5.8\msvc2013_64\include\QtCore /Idebug /I"..\..\..\Qt\Qt5.8.0\5.8\msvc2013_64\mkspecs\win32-msvc2013" /Zi /nologo /W3 /WX- /Od /D _WINDOWS /D UNICODE /D WIN32 /D WIN64 /D MCONSOLE_LIBRARY /D QT_DEPRECATED_WARNINGS /D QT_WIDGETS_LIB /D QT_GUI_LIB /D QT_CORE_LIB /D X64 /Gm- /EHsc /MDd /GS /fp:precise /Zc:wchar_t /Zc:forScope /GR /Fo"debug\\" /Fd"Debug\vc120.pdb" /Gd /TP /errorReport:prompt -w34100 -w34189 -w44996 mframe.cpp
         mframe.cpp
     1>mframe.cpp : warning C4819: 该文件包含不能在当前代码页(936)中表示的字符。请将该文件保存为 Unicode 格式以防止数据丢失
     1>mframe.cpp(34): warning C4100: “level”: 未引用的形参
       Link:
         E:\Program Files (x86)\Microsoft Visual Studio 12.0\VC\bin\x86_amd64\link.exe /ERRORREPORT:PROMPT /OUT:"Debug\\MConsole.dll" /NOLOGO /LIBPATH:E:\Qt\Qt5.8.0\5.8\msvc2013_64\lib E:\Qt\Qt5.8.0\5.8\msvc2013_64\lib\Qt5Widgetsd.lib E:\Qt\Qt5.8.0\5.8\msvc2013_64\lib\Qt5Guid.lib E:\Qt\Qt5.8.0\5.8\msvc2013_64\lib\Qt5Cored.lib kernel32.lib user32.lib gdi32.lib winspool.lib comdlg32.lib advapi32.lib shell32.lib ole32.lib oleaut32.lib uuid.lib odbc32.lib odbccp32.lib /MANIFEST /MANIFESTUAC:"level='asInvoker' uiAccess='false'" /manifest:embed /DEBUG /PDB:"Debug\MConsole.pdb" /SUBSYSTEM:WINDOWS /TLBID:1 /DYNAMICBASE /NXCOMPAT /MACHINE:X64 /DLL debug\mconsole.obj
         debug\mframe.obj
         debug\moc_mframe.obj
         MConsole.vcxproj -> E:\M_Server\MConsole\Debug\MConsole.dll
       PostBuildEvent:
         IF EXIST "E:\M_Server\Solution\\..\MConsole\Debug\Mconsole.dll" xcopy /Q /E /Y /I "E:\M_Server\Solution\\..\MConsole\Debug\Mconsole.dll" "E:\M_Server\Solution\\x64\Debug"
         IF EXIST "E:\M_Server\Solution\\..\MConsole\Debug\Mconsole.pdb" xcopy /Q /E /Y /I "E:\M_Server\Solution\\..\MConsole\Debug\Mconsole.pdb" "E:\M_Server\Solution\\x64\Debug"
         :VCEnd
         复制了 1 个文件
         复制了 1 个文件
     1>已完成生成项目“E:\M_Server\MConsole\MConsole.vcxproj”(Build 个目标)的操作。

生成成功。

已用时间 00:00:01.98
